
*** Running vivado
    with args -log system_ACC_0_0.vds -m64 -product Vivado -mode batch -messageDb vivado.pb -notrace -source system_ACC_0_0.tcl


****** Vivado v2024.2 (64-bit)
  **** SW Build 5239630 on Fri Nov 08 22:34:34 MST 2024
  **** IP Build 5239520 on Sun Nov 10 16:12:51 MST 2024
  **** SharedData Build 5239561 on Fri Nov 08 14:39:27 MST 2024
  **** Start of session at: Tue Jul 15 16:29:16 2025
    ** Copyright 1986-2022 Xilinx, Inc. All Rights Reserved.
    ** Copyright 2022-2024 Advanced Micro Devices, Inc. All Rights Reserved.

source system_ACC_0_0.tcl -notrace
INFO: [IP_Flow 19-234] Refreshing IP repositories
WARNING: [IP_Flow 19-2248] Failed to load user IP repository '/home/nehaal-raj/Downloads/Vivado+Vitis/redpitaya_guide/tmp/cores'; Can't find the specified path.
If this directory should no longer be in your list of user repositories, go to the IP Settings dialog and remove it.
INFO: [IP_Flow 19-2313] Loaded Vivado IP repository '/home/nehaal-raj/Xilinx/Vivado/2024.2/data/ip'.
Command: synth_design -top system_ACC_0_0 -part xc7z010clg400-1 -incremental_mode off -mode out_of_context
Starting synth_design
Attempting to get a license for feature 'Synthesis' and/or device 'xc7z010'
INFO: [Common 17-349] Got license for feature 'Synthesis' and/or device 'xc7z010'
INFO: [Device 21-403] Loading part xc7z010clg400-1
INFO: [Synth 8-7079] Multithreading enabled for synth_design using a maximum of 7 processes.
INFO: [Synth 8-7078] Launching helper process for spawning children vivado processes
INFO: [Synth 8-7075] Helper process launched with PID 114252
---------------------------------------------------------------------------------
Starting RTL Elaboration : Time (s): cpu = 00:00:03 ; elapsed = 00:00:03 . Memory (MB): peak = 1918.031 ; gain = 418.566 ; free physical = 2262 ; free virtual = 10674
---------------------------------------------------------------------------------
INFO: [Synth 8-6157] synthesizing module 'system_ACC_0_0' [/home/nehaal-raj/Downloads/please/adc_characterization_fin/adc_characterization_fin.gen/sources_1/bd/system/ip/system_ACC_0_0/synth/system_ACC_0_0.v:53]
INFO: [Synth 8-6157] synthesizing module 'ACC' [/home/nehaal-raj/Downloads/please/adc_characterization_fin/adc_characterization_fin.srcs/sources_1/new/ACC.v:23]
WARNING: [Synth 8-151] case item 2'b10 is unreachable [/home/nehaal-raj/Downloads/please/adc_characterization_fin/adc_characterization_fin.srcs/sources_1/new/ACC.v:74]
INFO: [Synth 8-6155] done synthesizing module 'ACC' (0#1) [/home/nehaal-raj/Downloads/please/adc_characterization_fin/adc_characterization_fin.srcs/sources_1/new/ACC.v:23]
INFO: [Synth 8-6155] done synthesizing module 'system_ACC_0_0' (0#1) [/home/nehaal-raj/Downloads/please/adc_characterization_fin/adc_characterization_fin.gen/sources_1/bd/system/ip/system_ACC_0_0/synth/system_ACC_0_0.v:53]
---------------------------------------------------------------------------------
Finished RTL Elaboration : Time (s): cpu = 00:00:04 ; elapsed = 00:00:04 . Memory (MB): peak = 1992.969 ; gain = 493.504 ; free physical = 2180 ; free virtual = 10593
---------------------------------------------------------------------------------
---------------------------------------------------------------------------------
Start Handling Custom Attributes
---------------------------------------------------------------------------------
---------------------------------------------------------------------------------
Finished Handling Custom Attributes : Time (s): cpu = 00:00:04 ; elapsed = 00:00:04 . Memory (MB): peak = 2010.781 ; gain = 511.316 ; free physical = 2180 ; free virtual = 10593
---------------------------------------------------------------------------------
---------------------------------------------------------------------------------
Finished RTL Optimization Phase 1 : Time (s): cpu = 00:00:04 ; elapsed = 00:00:04 . Memory (MB): peak = 2010.781 ; gain = 511.316 ; free physical = 2180 ; free virtual = 10593
---------------------------------------------------------------------------------
Netlist sorting complete. Time (s): cpu = 00:00:00 ; elapsed = 00:00:00 . Memory (MB): peak = 2010.781 ; gain = 0.000 ; free physical = 2180 ; free virtual = 10593
INFO: [Project 1-570] Preparing netlist for logic optimization

Processing XDC Constraints
Initializing timing engine
Completed Processing XDC Constraints

Netlist sorting complete. Time (s): cpu = 00:00:00 ; elapsed = 00:00:00 . Memory (MB): peak = 2107.520 ; gain = 0.000 ; free physical = 2189 ; free virtual = 10602
INFO: [Project 1-111] Unisim Transformation Summary:
No Unisim elements were transformed.

Constraint Validation Runtime : Time (s): cpu = 00:00:00.01 ; elapsed = 00:00:00.01 . Memory (MB): peak = 2107.520 ; gain = 0.000 ; free physical = 2189 ; free virtual = 10602
INFO: [Designutils 20-5008] Incremental synthesis strategy off
---------------------------------------------------------------------------------
Finished Constraint Validation : Time (s): cpu = 00:00:08 ; elapsed = 00:00:09 . Memory (MB): peak = 2107.520 ; gain = 608.055 ; free physical = 2240 ; free virtual = 10652
---------------------------------------------------------------------------------
---------------------------------------------------------------------------------
Start Loading Part and Timing Information
---------------------------------------------------------------------------------
Loading part: xc7z010clg400-1
---------------------------------------------------------------------------------
Finished Loading Part and Timing Information : Time (s): cpu = 00:00:08 ; elapsed = 00:00:09 . Memory (MB): peak = 2115.523 ; gain = 616.059 ; free physical = 2240 ; free virtual = 10652
---------------------------------------------------------------------------------
---------------------------------------------------------------------------------
Start Applying 'set_property' XDC Constraints
---------------------------------------------------------------------------------
---------------------------------------------------------------------------------
Finished applying 'set_property' XDC Constraints : Time (s): cpu = 00:00:08 ; elapsed = 00:00:09 . Memory (MB): peak = 2115.523 ; gain = 616.059 ; free physical = 2240 ; free virtual = 10652
---------------------------------------------------------------------------------
---------------------------------------------------------------------------------
Finished RTL Optimization Phase 2 : Time (s): cpu = 00:00:09 ; elapsed = 00:00:09 . Memory (MB): peak = 2115.523 ; gain = 616.059 ; free physical = 2240 ; free virtual = 10653
---------------------------------------------------------------------------------
---------------------------------------------------------------------------------
Start RTL Component Statistics 
---------------------------------------------------------------------------------
Detailed RTL Component Info : 
+---Adders : 
	   2 Input   10 Bit       Adders := 1     
+---Registers : 
	               10 Bit    Registers := 1     
	                1 Bit    Registers := 2     
+---Muxes : 
	   2 Input   10 Bit        Muxes := 1     
	   2 Input    1 Bit        Muxes := 3     
---------------------------------------------------------------------------------
Finished RTL Component Statistics 
---------------------------------------------------------------------------------
---------------------------------------------------------------------------------
Start Part Resource Summary
---------------------------------------------------------------------------------
Part Resources:
DSPs: 80 (col length:40)
BRAMs: 120 (col length: RAMB18 40 RAMB36 20)
---------------------------------------------------------------------------------
Finished Part Resource Summary
---------------------------------------------------------------------------------
---------------------------------------------------------------------------------
Start Cross Boundary and Area Optimization
---------------------------------------------------------------------------------
WARNING: [Synth 8-7080] Parallel synthesis criteria is not met
---------------------------------------------------------------------------------
Finished Cross Boundary and Area Optimization : Time (s): cpu = 00:00:10 ; elapsed = 00:00:10 . Memory (MB): peak = 2115.523 ; gain = 616.059 ; free physical = 2246 ; free virtual = 10659
---------------------------------------------------------------------------------
---------------------------------------------------------------------------------
Start Applying XDC Timing Constraints
---------------------------------------------------------------------------------
---------------------------------------------------------------------------------
Finished Applying XDC Timing Constraints : Time (s): cpu = 00:00:14 ; elapsed = 00:00:14 . Memory (MB): peak = 2158.523 ; gain = 659.059 ; free physical = 2160 ; free virtual = 10573
---------------------------------------------------------------------------------
---------------------------------------------------------------------------------
Start Timing Optimization
---------------------------------------------------------------------------------
---------------------------------------------------------------------------------
Finished Timing Optimization : Time (s): cpu = 00:00:14 ; elapsed = 00:00:14 . Memory (MB): peak = 2158.523 ; gain = 659.059 ; free physical = 2160 ; free virtual = 10573
---------------------------------------------------------------------------------
---------------------------------------------------------------------------------
Start Technology Mapping
---------------------------------------------------------------------------------
---------------------------------------------------------------------------------
Finished Technology Mapping : Time (s): cpu = 00:00:14 ; elapsed = 00:00:14 . Memory (MB): peak = 2168.539 ; gain = 669.074 ; free physical = 2152 ; free virtual = 10565
---------------------------------------------------------------------------------
---------------------------------------------------------------------------------
Start IO Insertion
---------------------------------------------------------------------------------
---------------------------------------------------------------------------------
Start Flattening Before IO Insertion
---------------------------------------------------------------------------------
---------------------------------------------------------------------------------
Finished Flattening Before IO Insertion
---------------------------------------------------------------------------------
---------------------------------------------------------------------------------
Start Final Netlist Cleanup
---------------------------------------------------------------------------------
---------------------------------------------------------------------------------
Finished Final Netlist Cleanup
---------------------------------------------------------------------------------
---------------------------------------------------------------------------------
Finished IO Insertion : Time (s): cpu = 00:00:16 ; elapsed = 00:00:16 . Memory (MB): peak = 2330.352 ; gain = 830.887 ; free physical = 2049 ; free virtual = 10454
---------------------------------------------------------------------------------
---------------------------------------------------------------------------------
Start Renaming Generated Instances
---------------------------------------------------------------------------------
---------------------------------------------------------------------------------
Finished Renaming Generated Instances : Time (s): cpu = 00:00:16 ; elapsed = 00:00:16 . Memory (MB): peak = 2330.352 ; gain = 830.887 ; free physical = 2049 ; free virtual = 10454
---------------------------------------------------------------------------------
---------------------------------------------------------------------------------
Start Rebuilding User Hierarchy
---------------------------------------------------------------------------------
---------------------------------------------------------------------------------
Finished Rebuilding User Hierarchy : Time (s): cpu = 00:00:16 ; elapsed = 00:00:16 . Memory (MB): peak = 2330.352 ; gain = 830.887 ; free physical = 2049 ; free virtual = 10454
---------------------------------------------------------------------------------
---------------------------------------------------------------------------------
Start Renaming Generated Ports
---------------------------------------------------------------------------------
---------------------------------------------------------------------------------
Finished Renaming Generated Ports : Time (s): cpu = 00:00:16 ; elapsed = 00:00:16 . Memory (MB): peak = 2330.352 ; gain = 830.887 ; free physical = 2049 ; free virtual = 10454
---------------------------------------------------------------------------------
---------------------------------------------------------------------------------
Start Handling Custom Attributes
---------------------------------------------------------------------------------
---------------------------------------------------------------------------------
Finished Handling Custom Attributes : Time (s): cpu = 00:00:16 ; elapsed = 00:00:16 . Memory (MB): peak = 2330.352 ; gain = 830.887 ; free physical = 2049 ; free virtual = 10454
---------------------------------------------------------------------------------
---------------------------------------------------------------------------------
Start Renaming Generated Nets
---------------------------------------------------------------------------------
---------------------------------------------------------------------------------
Finished Renaming Generated Nets : Time (s): cpu = 00:00:16 ; elapsed = 00:00:16 . Memory (MB): peak = 2330.352 ; gain = 830.887 ; free physical = 2049 ; free virtual = 10454
---------------------------------------------------------------------------------
---------------------------------------------------------------------------------
Start Writing Synthesis Report
---------------------------------------------------------------------------------

Report BlackBoxes: 
+-+--------------+----------+
| |BlackBox name |Instances |
+-+--------------+----------+
+-+--------------+----------+

Report Cell Usage: 
+------+-----+------+
|      |Cell |Count |
+------+-----+------+
|1     |LUT1 |     1|
|2     |LUT2 |     3|
|3     |LUT3 |     5|
|4     |LUT4 |     4|
|5     |LUT5 |     4|
|6     |LUT6 |     7|
|7     |FDCE |    11|
|8     |FDPE |     1|
+------+-----+------+
---------------------------------------------------------------------------------
Finished Writing Synthesis Report : Time (s): cpu = 00:00:16 ; elapsed = 00:00:16 . Memory (MB): peak = 2330.352 ; gain = 830.887 ; free physical = 2049 ; free virtual = 10454
---------------------------------------------------------------------------------
Synthesis finished with 0 errors, 0 critical warnings and 1 warnings.
Synthesis Optimization Runtime : Time (s): cpu = 00:00:15 ; elapsed = 00:00:16 . Memory (MB): peak = 2330.352 ; gain = 734.148 ; free physical = 2049 ; free virtual = 10454
Synthesis Optimization Complete : Time (s): cpu = 00:00:16 ; elapsed = 00:00:16 . Memory (MB): peak = 2330.359 ; gain = 830.887 ; free physical = 2049 ; free virtual = 10454
INFO: [Project 1-571] Translating synthesized netlist
Netlist sorting complete. Time (s): cpu = 00:00:00 ; elapsed = 00:00:00 . Memory (MB): peak = 2330.359 ; gain = 0.000 ; free physical = 2049 ; free virtual = 10454
INFO: [Project 1-570] Preparing netlist for logic optimization
INFO: [Opt 31-138] Pushed 0 inverter(s) to 0 load pin(s).
Netlist sorting complete. Time (s): cpu = 00:00:00 ; elapsed = 00:00:00 . Memory (MB): peak = 2386.379 ; gain = 0.000 ; free physical = 2222 ; free virtual = 10627
INFO: [Project 1-111] Unisim Transformation Summary:
No Unisim elements were transformed.

Synth Design complete | Checksum: 435f7ebe
INFO: [Common 17-83] Releasing license: Synthesis
19 Infos, 3 Warnings, 0 Critical Warnings and 0 Errors encountered.
synth_design completed successfully
synth_design: Time (s): cpu = 00:00:24 ; elapsed = 00:00:22 . Memory (MB): peak = 2386.379 ; gain = 942.941 ; free physical = 2222 ; free virtual = 10627
INFO: [Common 17-2834] synth_design peak Physical Memory [PSS] (MB): overall = 1530.028; main = 1530.028; forked = 268.248
INFO: [Common 17-2834] synth_design peak Virtual Memory [VSS] (MB): overall = 3057.910; main = 2386.383; forked = 942.383
Write ShapeDB Complete: Time (s): cpu = 00:00:00 ; elapsed = 00:00:00 . Memory (MB): peak = 2410.391 ; gain = 0.000 ; free physical = 2222 ; free virtual = 10627
INFO: [Common 17-1381] The checkpoint '/home/nehaal-raj/Downloads/please/adc_characterization_fin/adc_characterization_fin.runs/system_ACC_0_0_synth_1/system_ACC_0_0.dcp' has been generated.
INFO: [Vivado 12-24828] Executing command : report_utilization -file system_ACC_0_0_utilization_synth.rpt -pb system_ACC_0_0_utilization_synth.pb
INFO: [Common 17-206] Exiting Vivado at Tue Jul 15 16:29:42 2025...
